Performing C++ SOURCE FILE Test CMAKE_HAVE_LIBC_PTHREAD failed with the following output:
Change Dir: /home/student/DACSC2025/build/CMakeFiles/CMakeTmp

Run Build Command(s):/usr/bin/gmake cmTC_d531e/fast && /usr/bin/gmake  -f CMakeFiles/cmTC_d531e.dir/build.make CMakeFiles/cmTC_d531e.dir/build
gmake[1] : on entre dans le répertoire « /home/student/DACSC2025/build/CMakeFiles/CMakeTmp »
Building CXX object CMakeFiles/cmTC_d531e.dir/src.cxx.o
/usr/bin/c++   -DCMAKE_HAVE_LIBC_PTHREAD -std=c++17 -o CMakeFiles/cmTC_d531e.dir/src.cxx.o -c /home/student/DACSC2025/build/CMakeFiles/CMakeTmp/src.cxx
Linking CXX executable cmTC_d531e
/usr/bin/cmake -E cmake_link_script CMakeFiles/cmTC_d531e.dir/link.txt --verbose=1
/usr/bin/c++  -DCMAKE_HAVE_LIBC_PTHREAD CMakeFiles/cmTC_d531e.dir/src.cxx.o -o cmTC_d531e 
CMakeFiles/cmTC_d531e.dir/src.cxx.o : Dans la fonction « main » :
src.cxx:(.text+0x2d) : référence indéfinie vers « pthread_create »
src.cxx:(.text+0x39) : référence indéfinie vers « pthread_detach »
src.cxx:(.text+0x45) : référence indéfinie vers « pthread_cancel »
src.cxx:(.text+0x56) : référence indéfinie vers « pthread_join »
collect2: error: ld a retourné le statut de sortie 1
gmake[1]: *** [CMakeFiles/cmTC_d531e.dir/build.make:106: cmTC_d531e] Error 1
gmake[1] : on quitte le répertoire « /home/student/DACSC2025/build/CMakeFiles/CMakeTmp »
gmake: *** [Makefile:140: cmTC_d531e/fast] Error 2


Source file was:
#include <pthread.h>

void* test_func(void* data)
{
  return data;
}

int main(void)
{
  pthread_t thread;
  pthread_create(&thread, NULL, test_func, NULL);
  pthread_detach(thread);
  pthread_cancel(thread);
  pthread_join(thread, NULL);
  pthread_atfork(NULL, NULL, NULL);
  pthread_exit(NULL);

  return 0;
}

Determining if the function pthread_create exists in the pthreads failed with the following output:
Change Dir: /home/student/DACSC2025/build/CMakeFiles/CMakeTmp

Run Build Command(s):/usr/bin/gmake cmTC_11a13/fast && /usr/bin/gmake  -f CMakeFiles/cmTC_11a13.dir/build.make CMakeFiles/cmTC_11a13.dir/build
gmake[1] : on entre dans le répertoire « /home/student/DACSC2025/build/CMakeFiles/CMakeTmp »
Building CXX object CMakeFiles/cmTC_11a13.dir/CheckFunctionExists.cxx.o
/usr/bin/c++   -DCHECK_FUNCTION_EXISTS=pthread_create -std=c++17 -o CMakeFiles/cmTC_11a13.dir/CheckFunctionExists.cxx.o -c /home/student/DACSC2025/build/CMakeFiles/CheckLibraryExists/CheckFunctionExists.cxx
Linking CXX executable cmTC_11a13
/usr/bin/cmake -E cmake_link_script CMakeFiles/cmTC_11a13.dir/link.txt --verbose=1
/usr/bin/c++  -DCHECK_FUNCTION_EXISTS=pthread_create CMakeFiles/cmTC_11a13.dir/CheckFunctionExists.cxx.o -o cmTC_11a13  -lpthreads 
/usr/bin/ld : ne peut trouver -lpthreads
collect2: error: ld a retourné le statut de sortie 1
gmake[1]: *** [CMakeFiles/cmTC_11a13.dir/build.make:106: cmTC_11a13] Error 1
gmake[1] : on quitte le répertoire « /home/student/DACSC2025/build/CMakeFiles/CMakeTmp »
gmake: *** [Makefile:140: cmTC_11a13/fast] Error 2



